<?xml version="1.0" encoding="UTF-8"?>
<!-- Generated by org.testng.reporters.JUnitReportReporter -->
<testsuite hostname="DESKTOP-8KFKMLI" failures="0" tests="1" name="sampleTestPackage.SampleTestClass" time="3.768" errors="0" timestamp="2024-03-31T08:12:06 IST" skipped="0">
  <testcase classname="sampleTestPackage.SampleTestClass" name="sampleForm" time="3.768"/>
  <system-out/>
</testsuite> <!-- sampleTestPackage.SampleTestClass -->
